<?xml version="1.0" encoding="UTF-8"?>
<testsuites name="New Test Suite" time="23" tests="0" failures="1" errors="0">
   <testsuite name="New Test Suite" tests="0" failures="1" errors="0" time="23" timestamp="2018-01-25 12:58:20" hostname="arsalan - ArsalanMushtaq.edevtech.com" id="Test Suites/New Test Suite">
      <properties>
         <property name="deviceName" value=""/>
         <property name="devicePlatform" value=""/>
         <property name="logFolder" value="C:\\Users\\arsalan\\Katalon Studio\\test 2\\Reports\\New Test Suite\\20180125_125809"/>
         <property name="logFiles" value="C:\\Users\\arsalan\\Katalon Studio\\test 2\\Reports\\New Test Suite\\20180125_125809\\execution0.log"/>
         <property name="attachments" value="C:\\Users\\arsalan\\Katalon Studio\\test 2\\Reports\\New Test Suite\\20180125_125809\\1516867123124.png"/>
         <property name="hostName" value="arsalan - ArsalanMushtaq.edevtech.com"/>
         <property name="os" value="Windows 10 64bit"/>
         <property name="katalonVersion" value="5.2.0.1"/>
         <property name="browser" value="Chrome 63.0.3239.132"/>
         <property name="hostAddress" value="192.168.117.1"/>
         <property name="sessionId" value="de933292838eaded0122c43aea378920"/>
         <property name="seleniumVersion" value="3.7.1"/>
         <property name="proxyInformation" value="ProxyInformation{proxyOption=NO_PROXY, proxyServerType=HTTP, password=, proxyServerAddress=, proxyServerPort=0}"/>
         <property name="platform" value="Windows 10"/>
      </properties>
      <testcase name="Test Cases/Test Case 14145 To verify creation of new FAQ file" classname="Test Cases/Test Case 14145 To verify creation of new FAQ file" status="FAILED">
         <failure type="FAILED" message="Unable to click on object 'Object Repository/test case 2/Page_Modern Requirements4TFS 2018 (1)/span_New Question' (Root cause: org.openqa.selenium.WebDriverException: unknown error: Element &lt;span class=&quot;k-link&quot;>...&lt;/span> is not clickable at point (566, 208). Other element would receive the click: &lt;div class=&quot;k-overlay&quot; style=&quot;display: block; z-index: 10002; opacity: 0; transition: all 350ms ease-out;&quot;>&lt;/div>
  (Session info: chrome=63.0.3239.132)
  (Driver info: chromedriver=2.33.506120 (e3e53437346286c0bc2d2dc9aa4915ba81d9023f),platform=Windows NT 10.0.16299 x86_64) (WARNING: The server did not provide any stacktrace information)
Command duration or timeout: 0 milliseconds
Build info: version: '3.7.1', revision: '8a0099a', time: '2017-11-06T21:07:36.161Z'
System info: host: 'ARSALANMUSHTAQ', ip: '192.168.117.1', os.name: 'Windows 10', os.arch: 'amd64', os.version: '10.0', java.version: '1.8.0_102'
Driver info: com.kms.katalon.selenium.driver.CChromeDriver
Capabilities {acceptSslCerts: true, applicationCacheEnabled: false, browserConnectionEnabled: false, browserName: chrome, chrome: {chromedriverVersion: 2.33.506120 (e3e53437346286..., userDataDir: C:\Users\arsalan\AppData\Lo...}, cssSelectorsEnabled: true, databaseEnabled: false, handlesAlerts: true, hasTouchScreen: false, javascriptEnabled: true, locationContextEnabled: true, mobileEmulationEnabled: false, nativeEvents: true, networkConnectionEnabled: false, pageLoadStrategy: normal, platform: XP, platformName: XP, rotatable: false, setWindowRect: true, takesHeapSnapshot: true, takesScreenshot: true, unexpectedAlertBehaviour: , unhandledPromptBehavior: , version: 63.0.3239.132, webStorageEnabled: true}
Session ID: de933292838eaded0122c43aea378920)"/>
         <system-out><![CDATA[2018-01-25 12:58:20 - [TEST_CASE][FAILED] - Test Cases/Test Case 14145 To verify creation of new FAQ file: Test Cases/Test Case 14145 To verify creation of new FAQ file FAILED because (of) Unable to click on object 'Object Repository/test case 2/Page_Modern Requirements4TFS 2018 (1)/span_New Question' (Root cause: org.openqa.selenium.WebDriverException: unknown error: Element <span class="k-link">...</span> is not clickable at point (566, 208). Other element would receive the click: <div class="k-overlay" style="display: block; z-index: 10002; opacity: 0; transition: all 350ms ease-out;"></div>
  (Session info: chrome=63.0.3239.132)
  (Driver info: chromedriver=2.33.506120 (e3e53437346286c0bc2d2dc9aa4915ba81d9023f),platform=Windows NT 10.0.16299 x86_64) (WARNING: The server did not provide any stacktrace information)
Command duration or timeout: 0 milliseconds
Build info: version: '3.7.1', revision: '8a0099a', time: '2017-11-06T21:07:36.161Z'
System info: host: 'ARSALANMUSHTAQ', ip: '192.168.117.1', os.name: 'Windows 10', os.arch: 'amd64', os.version: '10.0', java.version: '1.8.0_102'
Driver info: com.kms.katalon.selenium.driver.CChromeDriver
Capabilities {acceptSslCerts: true, applicationCacheEnabled: false, browserConnectionEnabled: false, browserName: chrome, chrome: {chromedriverVersion: 2.33.506120 (e3e53437346286..., userDataDir: C:\Users\arsalan\AppData\Lo...}, cssSelectorsEnabled: true, databaseEnabled: false, handlesAlerts: true, hasTouchScreen: false, javascriptEnabled: true, locationContextEnabled: true, mobileEmulationEnabled: false, nativeEvents: true, networkConnectionEnabled: false, pageLoadStrategy: normal, platform: XP, platformName: XP, rotatable: false, setWindowRect: true, takesHeapSnapshot: true, takesScreenshot: true, unexpectedAlertBehaviour: , unhandledPromptBehavior: , version: 63.0.3239.132, webStorageEnabled: true}
Session ID: de933292838eaded0122c43aea378920)

2018-01-25 12:58:20 - [TEST_STEP][PASSED] - Statement - chars = "abcdefghijklmnopqrstuvwxyz0123456789": null

2018-01-25 12:58:20 - [TEST_STEP][PASSED] - Statement - varA = Script1516355280036.randomString(chars, 10): null

2018-01-25 12:58:20 - [TEST_STEP][PASSED] - Statement - rand = new java.util.Random(): null

2018-01-25 12:58:20 - [TEST_STEP][PASSED] - Statement - sb = new java.lang.StringBuilder(): null

2018-01-25 12:58:20 - [TEST_STEP][PASSED] - Statement - For ([i = 0, i < length, (i++)]): null

2018-01-25 12:58:20 - [TEST_STEP][PASSED] - Statement - sb.append(chars.charAt(rand.nextInt(chars.length()))): null

2018-01-25 12:58:20 - [TEST_STEP][PASSED] - Statement - sb.append(chars.charAt(rand.nextInt(chars.length()))): null

2018-01-25 12:58:20 - [TEST_STEP][PASSED] - Statement - sb.append(chars.charAt(rand.nextInt(chars.length()))): null

2018-01-25 12:58:20 - [TEST_STEP][PASSED] - Statement - sb.append(chars.charAt(rand.nextInt(chars.length()))): null

2018-01-25 12:58:20 - [TEST_STEP][PASSED] - Statement - sb.append(chars.charAt(rand.nextInt(chars.length()))): null

2018-01-25 12:58:20 - [TEST_STEP][PASSED] - Statement - sb.append(chars.charAt(rand.nextInt(chars.length()))): null

2018-01-25 12:58:20 - [TEST_STEP][PASSED] - Statement - sb.append(chars.charAt(rand.nextInt(chars.length()))): null

2018-01-25 12:58:20 - [TEST_STEP][PASSED] - Statement - sb.append(chars.charAt(rand.nextInt(chars.length()))): null

2018-01-25 12:58:20 - [TEST_STEP][PASSED] - Statement - sb.append(chars.charAt(rand.nextInt(chars.length()))): null

2018-01-25 12:58:20 - [TEST_STEP][PASSED] - Statement - sb.append(chars.charAt(rand.nextInt(chars.length()))): null

2018-01-25 12:58:20 - [TEST_STEP][PASSED] - Statement - return sb.toString(): null

2018-01-25 12:58:20 - [TEST_STEP][PASSED] - openBrowser: Browser is opened with url: ''

2018-01-25 12:58:24 - [MESSAGE][PASSED] - Browser is opened with url: ''

2018-01-25 12:58:24 - [TEST_STEP][PASSED] - navigateToUrl: Navigate to 'http://arsalanmushtaq:8028' successfully

2018-01-25 12:58:29 - [MESSAGE][PASSED] - Navigate to 'http://arsalanmushtaq:8028' successfully

2018-01-25 12:58:29 - [TEST_STEP][PASSED] - maximizeWindow: Current window maximized

2018-01-25 12:58:30 - [MESSAGE][PASSED] - Current window maximized

2018-01-25 12:58:30 - [TEST_STEP][PASSED] - click: Object: 'Object Repository/New Folder/Page_Sign In/div_TFS Server URL' is clicked on

2018-01-25 12:58:30 - [MESSAGE][PASSED] - Object: 'Object Repository/New Folder/Page_Sign In/div_TFS Server URL' is clicked on

2018-01-25 12:58:30 - [TEST_STEP][PASSED] - setText: Text 'http://arsalanmushtaq:8080/tfs' is set on object 'Object Repository/New Folder/Page_Sign In/input_TFSServerURL'

2018-01-25 12:58:30 - [MESSAGE][PASSED] - Text 'http://arsalanmushtaq:8080/tfs' is set on object 'Object Repository/New Folder/Page_Sign In/input_TFSServerURL'

2018-01-25 12:58:30 - [TEST_STEP][PASSED] - click: Object: 'Object Repository/New Folder/Page_Sign In/div_User ID' is clicked on

2018-01-25 12:58:30 - [MESSAGE][PASSED] - Object: 'Object Repository/New Folder/Page_Sign In/div_User ID' is clicked on

2018-01-25 12:58:30 - [TEST_STEP][PASSED] - setText: Text 'arsalan' is set on object 'Object Repository/New Folder/Page_Sign In/input_EmailAddress'

2018-01-25 12:58:30 - [MESSAGE][PASSED] - Text 'arsalan' is set on object 'Object Repository/New Folder/Page_Sign In/input_EmailAddress'

2018-01-25 12:58:30 - [TEST_STEP][PASSED] - setText: Text 'inte8GREAT' is set on object 'Object Repository/New Folder/Page_Sign In/input_Password'

2018-01-25 12:58:30 - [MESSAGE][PASSED] - Text 'inte8GREAT' is set on object 'Object Repository/New Folder/Page_Sign In/input_Password'

2018-01-25 12:58:30 - [TEST_STEP][PASSED] - click: Object: 'Object Repository/New Folder/Page_Sign In/input_btnSignIn' is clicked on

2018-01-25 12:58:32 - [MESSAGE][PASSED] - Object: 'Object Repository/New Folder/Page_Sign In/input_btnSignIn' is clicked on

2018-01-25 12:58:32 - [TEST_STEP][PASSED] - click: Object: 'Object Repository/New Folder/Page_Modern Requirements4TFS 2018/a_Browse' is clicked on

2018-01-25 12:58:32 - [MESSAGE][PASSED] - Object: 'Object Repository/New Folder/Page_Modern Requirements4TFS 2018/a_Browse' is clicked on

2018-01-25 12:58:32 - [TEST_STEP][PASSED] - verifyElementPresent: Object 'Object Repository/test case 2/Page_Modern Requirements4TFS 2018/a_Browse' is present

2018-01-25 12:58:32 - [MESSAGE][WARNING] - Timeout '0' is invalid. Using default page load timeout: '30'

2018-01-25 12:58:32 - [MESSAGE][PASSED] - Object 'Object Repository/test case 2/Page_Modern Requirements4TFS 2018/a_Browse' is present

2018-01-25 12:58:32 - [TEST_STEP][PASSED] - verifyElementText: Actual text and expected text of test object 'Object Repository/test case 2/Page_Modern Requirements4TFS 2018/a_Browse' are matched.

2018-01-25 12:58:32 - [MESSAGE][PASSED] - Actual text and expected text of test object 'Object Repository/test case 2/Page_Modern Requirements4TFS 2018/a_Browse' are matched.

2018-01-25 12:58:32 - [TEST_STEP][PASSED] - click: Object: 'Object Repository/New Folder/Page_Modern Requirements4TFS 2018/span_k-icon k-i-expand' is clicked on

2018-01-25 12:58:32 - [MESSAGE][PASSED] - Object: 'Object Repository/New Folder/Page_Modern Requirements4TFS 2018/span_k-icon k-i-expand' is clicked on

2018-01-25 12:58:32 - [TEST_STEP][PASSED] - click: Object: 'Object Repository/New Folder/Page_Modern Requirements4TFS 2018/span_rules verification' is clicked on

2018-01-25 12:58:33 - [MESSAGE][PASSED] - Object: 'Object Repository/New Folder/Page_Modern Requirements4TFS 2018/span_rules verification' is clicked on

2018-01-25 12:58:33 - [TEST_STEP][PASSED] - click: Object: 'Object Repository/New Folder/Page_Modern Requirements4TFS 2018/td' is clicked on

2018-01-25 12:58:33 - [MESSAGE][PASSED] - Object: 'Object Repository/New Folder/Page_Modern Requirements4TFS 2018/td' is clicked on

2018-01-25 12:58:33 - [TEST_STEP][PASSED] - waitForElementClickable: Object 'Object Repository/New Folder/Page_Modern Requirements4TFS 2018/input_btnProjectNavigate' is clickable

2018-01-25 12:58:33 - [MESSAGE][WARNING] - Timeout '0' is invalid. Using default page load timeout: '30'

2018-01-25 12:58:34 - [MESSAGE][PASSED] - Object 'Object Repository/New Folder/Page_Modern Requirements4TFS 2018/input_btnProjectNavigate' is clickable

2018-01-25 12:58:34 - [TEST_STEP][PASSED] - click: Object: 'Object Repository/New Folder/Page_Modern Requirements4TFS 2018/input_btnProjectNavigate' is clicked on

2018-01-25 12:58:34 - [MESSAGE][PASSED] - Object: 'Object Repository/New Folder/Page_Modern Requirements4TFS 2018/input_btnProjectNavigate' is clicked on

2018-01-25 12:58:34 - [TEST_STEP][NOT_RUN] - verifyElementPresent: NOT_RUN: verifyElementPresent

2018-01-25 12:58:34 - [MESSAGE][NOT_RUN] - NOT_RUN: verifyElementPresent

2018-01-25 12:58:34 - [TEST_STEP][PASSED] - click: Object: 'Object Repository/New Folder/Page_Modern Requirements4TFS 2018/a_FAQ' is clicked on

2018-01-25 12:58:36 - [MESSAGE][PASSED] - Object: 'Object Repository/New Folder/Page_Modern Requirements4TFS 2018/a_FAQ' is clicked on

2018-01-25 12:58:36 - [TEST_STEP][PASSED] - click: Object: 'Object Repository/New Folder/Page_Modern Requirements4TFS 2018/span_New' is clicked on

2018-01-25 12:58:41 - [MESSAGE][PASSED] - Object: 'Object Repository/New Folder/Page_Modern Requirements4TFS 2018/span_New' is clicked on

2018-01-25 12:58:41 - [TEST_STEP][PASSED] - click: Object: 'Object Repository/New Folder/Page_Modern Requirements4TFS 2018/span_Topic' is clicked on

2018-01-25 12:58:41 - [MESSAGE][PASSED] - Object: 'Object Repository/New Folder/Page_Modern Requirements4TFS 2018/span_Topic' is clicked on

2018-01-25 12:58:41 - [TEST_STEP][PASSED] - setText: Text '1tayh3b3s4' is set on object 'Object Repository/Page_Modern Requirements4TFS 2018 (1)/input_ig-newfile-textbox-qwd-n'

2018-01-25 12:58:42 - [MESSAGE][PASSED] - Text '1tayh3b3s4' is set on object 'Object Repository/Page_Modern Requirements4TFS 2018 (1)/input_ig-newfile-textbox-qwd-n'

2018-01-25 12:58:42 - [TEST_STEP][PASSED] - click: Object: 'Object Repository/Page_Modern Requirements4TFS 2018 (1)/input_ig-newfile-ok-button-qwd' is clicked on

2018-01-25 12:58:42 - [MESSAGE][PASSED] - Object: 'Object Repository/Page_Modern Requirements4TFS 2018 (1)/input_ig-newfile-ok-button-qwd' is clicked on

2018-01-25 12:58:42 - [TEST_STEP][PASSED] - waitForElementVisible: Object 'Object Repository/test case 2/Page_Modern Requirements4TFS 2018 (1)/span_New Question' is visible

2018-01-25 12:58:43 - [MESSAGE][PASSED] - Object 'Object Repository/test case 2/Page_Modern Requirements4TFS 2018 (1)/span_New Question' is visible

2018-01-25 12:58:43 - [TEST_STEP][FAILED] - click: Unable to click on object 'Object Repository/test case 2/Page_Modern Requirements4TFS 2018 (1)/span_New Question' (Root cause: org.openqa.selenium.WebDriverException: unknown error: Element <span class="k-link">...</span> is not clickable at point (566, 208). Other element would receive the click: <div class="k-overlay" style="display: block; z-index: 10002; opacity: 0; transition: all 350ms ease-out;"></div>
  (Session info: chrome=63.0.3239.132)
  (Driver info: chromedriver=2.33.506120 (e3e53437346286c0bc2d2dc9aa4915ba81d9023f),platform=Windows NT 10.0.16299 x86_64) (WARNING: The server did not provide any stacktrace information)
Command duration or timeout: 0 milliseconds
Build info: version: '3.7.1', revision: '8a0099a', time: '2017-11-06T21:07:36.161Z'
System info: host: 'ARSALANMUSHTAQ', ip: '192.168.117.1', os.name: 'Windows 10', os.arch: 'amd64', os.version: '10.0', java.version: '1.8.0_102'
Driver info: com.kms.katalon.selenium.driver.CChromeDriver
Capabilities {acceptSslCerts: true, applicationCacheEnabled: false, browserConnectionEnabled: false, browserName: chrome, chrome: {chromedriverVersion: 2.33.506120 (e3e53437346286..., userDataDir: C:\Users\arsalan\AppData\Lo...}, cssSelectorsEnabled: true, databaseEnabled: false, handlesAlerts: true, hasTouchScreen: false, javascriptEnabled: true, locationContextEnabled: true, mobileEmulationEnabled: false, nativeEvents: true, networkConnectionEnabled: false, pageLoadStrategy: normal, platform: XP, platformName: XP, rotatable: false, setWindowRect: true, takesHeapSnapshot: true, takesScreenshot: true, unexpectedAlertBehaviour: , unhandledPromptBehavior: , version: 63.0.3239.132, webStorageEnabled: true}
Session ID: de933292838eaded0122c43aea378920)

2018-01-25 12:58:43 - [MESSAGE][FAILED] - Unable to click on object 'Object Repository/test case 2/Page_Modern Requirements4TFS 2018 (1)/span_New Question' (Root cause: org.openqa.selenium.WebDriverException: unknown error: Element <span class="k-link">...</span> is not clickable at point (566, 208). Other element would receive the click: <div class="k-overlay" style="display: block; z-index: 10002; opacity: 0; transition: all 350ms ease-out;"></div>
  (Session info: chrome=63.0.3239.132)
  (Driver info: chromedriver=2.33.506120 (e3e53437346286c0bc2d2dc9aa4915ba81d9023f),platform=Windows NT 10.0.16299 x86_64) (WARNING: The server did not provide any stacktrace information)
Command duration or timeout: 0 milliseconds
Build info: version: '3.7.1', revision: '8a0099a', time: '2017-11-06T21:07:36.161Z'
System info: host: 'ARSALANMUSHTAQ', ip: '192.168.117.1', os.name: 'Windows 10', os.arch: 'amd64', os.version: '10.0', java.version: '1.8.0_102'
Driver info: com.kms.katalon.selenium.driver.CChromeDriver
Capabilities {acceptSslCerts: true, applicationCacheEnabled: false, browserConnectionEnabled: false, browserName: chrome, chrome: {chromedriverVersion: 2.33.506120 (e3e53437346286..., userDataDir: C:\Users\arsalan\AppData\Lo...}, cssSelectorsEnabled: true, databaseEnabled: false, handlesAlerts: true, hasTouchScreen: false, javascriptEnabled: true, locationContextEnabled: true, mobileEmulationEnabled: false, nativeEvents: true, networkConnectionEnabled: false, pageLoadStrategy: normal, platform: XP, platformName: XP, rotatable: false, setWindowRect: true, takesHeapSnapshot: true, takesScreenshot: true, unexpectedAlertBehaviour: , unhandledPromptBehavior: , version: 63.0.3239.132, webStorageEnabled: true}
Session ID: de933292838eaded0122c43aea378920)
[[ATTACHMENT|C:\\Users\\arsalan\\Katalon Studio\\test 2\\Reports\\New Test Suite\\20180125_125809\\1516867123124.png]]]]></system-out>
         <system-err><![CDATA[2018-01-25 12:58:20 - [TEST_CASE][FAILED] - Test Cases/Test Case 14145 To verify creation of new FAQ file: Test Cases/Test Case 14145 To verify creation of new FAQ file FAILED because (of) Unable to click on object 'Object Repository/test case 2/Page_Modern Requirements4TFS 2018 (1)/span_New Question' (Root cause: org.openqa.selenium.WebDriverException: unknown error: Element <span class="k-link">...</span> is not clickable at point (566, 208). Other element would receive the click: <div class="k-overlay" style="display: block; z-index: 10002; opacity: 0; transition: all 350ms ease-out;"></div>
  (Session info: chrome=63.0.3239.132)
  (Driver info: chromedriver=2.33.506120 (e3e53437346286c0bc2d2dc9aa4915ba81d9023f),platform=Windows NT 10.0.16299 x86_64) (WARNING: The server did not provide any stacktrace information)
Command duration or timeout: 0 milliseconds
Build info: version: '3.7.1', revision: '8a0099a', time: '2017-11-06T21:07:36.161Z'
System info: host: 'ARSALANMUSHTAQ', ip: '192.168.117.1', os.name: 'Windows 10', os.arch: 'amd64', os.version: '10.0', java.version: '1.8.0_102'
Driver info: com.kms.katalon.selenium.driver.CChromeDriver
Capabilities {acceptSslCerts: true, applicationCacheEnabled: false, browserConnectionEnabled: false, browserName: chrome, chrome: {chromedriverVersion: 2.33.506120 (e3e53437346286..., userDataDir: C:\Users\arsalan\AppData\Lo...}, cssSelectorsEnabled: true, databaseEnabled: false, handlesAlerts: true, hasTouchScreen: false, javascriptEnabled: true, locationContextEnabled: true, mobileEmulationEnabled: false, nativeEvents: true, networkConnectionEnabled: false, pageLoadStrategy: normal, platform: XP, platformName: XP, rotatable: false, setWindowRect: true, takesHeapSnapshot: true, takesScreenshot: true, unexpectedAlertBehaviour: , unhandledPromptBehavior: , version: 63.0.3239.132, webStorageEnabled: true}
Session ID: de933292838eaded0122c43aea378920)]]></system-err>
      </testcase>
      <system-out><![CDATA[2018-01-25 12:58:20 - [TEST_SUITE][FAILED] - New Test Suite: Test Cases/Test Case 14145 To verify creation of new FAQ file FAILED because (of) Unable to click on object 'Object Repository/test case 2/Page_Modern Requirements4TFS 2018 (1)/span_New Question' (Root cause: org.openqa.selenium.WebDriverException: unknown error: Element <span class="k-link">...</span> is not clickable at point (566, 208). Other element would receive the click: <div class="k-overlay" style="display: block; z-index: 10002; opacity: 0; transition: all 350ms ease-out;"></div>
  (Session info: chrome=63.0.3239.132)
  (Driver info: chromedriver=2.33.506120 (e3e53437346286c0bc2d2dc9aa4915ba81d9023f),platform=Windows NT 10.0.16299 x86_64) (WARNING: The server did not provide any stacktrace information)
Command duration or timeout: 0 milliseconds
Build info: version: '3.7.1', revision: '8a0099a', time: '2017-11-06T21:07:36.161Z'
System info: host: 'ARSALANMUSHTAQ', ip: '192.168.117.1', os.name: 'Windows 10', os.arch: 'amd64', os.version: '10.0', java.version: '1.8.0_102'
Driver info: com.kms.katalon.selenium.driver.CChromeDriver
Capabilities {acceptSslCerts: true, applicationCacheEnabled: false, browserConnectionEnabled: false, browserName: chrome, chrome: {chromedriverVersion: 2.33.506120 (e3e53437346286..., userDataDir: C:\Users\arsalan\AppData\Lo...}, cssSelectorsEnabled: true, databaseEnabled: false, handlesAlerts: true, hasTouchScreen: false, javascriptEnabled: true, locationContextEnabled: true, mobileEmulationEnabled: false, nativeEvents: true, networkConnectionEnabled: false, pageLoadStrategy: normal, platform: XP, platformName: XP, rotatable: false, setWindowRect: true, takesHeapSnapshot: true, takesScreenshot: true, unexpectedAlertBehaviour: , unhandledPromptBehavior: , version: 63.0.3239.132, webStorageEnabled: true}
Session ID: de933292838eaded0122c43aea378920)]]></system-out>
      <system-err><![CDATA[2018-01-25 12:58:20 - [TEST_SUITE][FAILED] - New Test Suite: Test Cases/Test Case 14145 To verify creation of new FAQ file FAILED because (of) Unable to click on object 'Object Repository/test case 2/Page_Modern Requirements4TFS 2018 (1)/span_New Question' (Root cause: org.openqa.selenium.WebDriverException: unknown error: Element <span class="k-link">...</span> is not clickable at point (566, 208). Other element would receive the click: <div class="k-overlay" style="display: block; z-index: 10002; opacity: 0; transition: all 350ms ease-out;"></div>
  (Session info: chrome=63.0.3239.132)
  (Driver info: chromedriver=2.33.506120 (e3e53437346286c0bc2d2dc9aa4915ba81d9023f),platform=Windows NT 10.0.16299 x86_64) (WARNING: The server did not provide any stacktrace information)
Command duration or timeout: 0 milliseconds
Build info: version: '3.7.1', revision: '8a0099a', time: '2017-11-06T21:07:36.161Z'
System info: host: 'ARSALANMUSHTAQ', ip: '192.168.117.1', os.name: 'Windows 10', os.arch: 'amd64', os.version: '10.0', java.version: '1.8.0_102'
Driver info: com.kms.katalon.selenium.driver.CChromeDriver
Capabilities {acceptSslCerts: true, applicationCacheEnabled: false, browserConnectionEnabled: false, browserName: chrome, chrome: {chromedriverVersion: 2.33.506120 (e3e53437346286..., userDataDir: C:\Users\arsalan\AppData\Lo...}, cssSelectorsEnabled: true, databaseEnabled: false, handlesAlerts: true, hasTouchScreen: false, javascriptEnabled: true, locationContextEnabled: true, mobileEmulationEnabled: false, nativeEvents: true, networkConnectionEnabled: false, pageLoadStrategy: normal, platform: XP, platformName: XP, rotatable: false, setWindowRect: true, takesHeapSnapshot: true, takesScreenshot: true, unexpectedAlertBehaviour: , unhandledPromptBehavior: , version: 63.0.3239.132, webStorageEnabled: true}
Session ID: de933292838eaded0122c43aea378920)]]></system-err>
   </testsuite>
</testsuites>
